<?xml version="1.0" encoding="UTF-8"?>
<!-- Generated by org.testng.reporters.JUnitReportReporter -->
<testsuite hostname="DESKTOP-15OUN1B" failures="0" tests="1" name="com.CRM.TestCases.LoginPageTest" time="2.538" errors="0" timestamp="2024-04-03T20:34:36 IST" skipped="0">
  <testcase classname="com.CRM.TestCases.LoginPageTest" name="verifyLogin" time="2.538"/>
  <system-out/>
</testsuite> <!-- com.CRM.TestCases.LoginPageTest -->
